<?xml version="1.0" encoding="UTF-8"?>
<testsuite xmlns:xsi="http://www.w3.org/2001/XMLSchema-instance" xsi:noNamespaceSchemaLocation="https://maven.apache.org/surefire/maven-surefire-plugin/xsd/surefire-test-report-3.0.xsd" version="3.0" name="testRunner.TestRunner" time="8.408" tests="1" errors="0" skipped="0" failures="0">
  <properties>
[...]
</properties>
  <testcase name="Successful Login with Valid Credentials" classname="Login with Valid Credentials" time="7.249">
    <system-out><![CDATA[
@sanity
Scenario: Successful Login with Valid Credentials                       # src/test/resources/Features/Login.feature:4
  Given User Launch browser                                             # stepDefinitions.steps.user_launch_browser()
  And opens URL "http://localhost/opencart/upload/"                     # stepDefinitions.steps.opens_url(java.lang.String)
  When User navigate to MyAccount menu                                  # stepDefinitions.steps.user_navigate_to_my_account()
  And click on Login                                                    # stepDefinitions.steps.click_on_login()
  And User enters Email as "abc123@gmail.com" and Password as "abc@123" # stepDefinitions.steps.user_enters_email_as_and_password_as(java.lang.String,java.lang.String)
  And Click on Login button                                             # stepDefinitions.steps.click_on_login_button()
  Then User navigates to MyAccount Page                                 # stepDefinitions.steps.user_navigates_to_my_account_page()
Scenario status ======>PASSED
]]></system-out>
    <system-err><![CDATA[SLF4J: Failed to load class "org.slf4j.impl.StaticLoggerBinder".
SLF4J: Defaulting to no-operation (NOP) logger implementation
SLF4J: See http://www.slf4j.org/codes.html#StaticLoggerBinder for further details.
Starting ChromeDriver 109.0.5414.74 (e7c5703604daa9cc128ccf5a5d3e993513758913-refs/branch-heads/5414@{#1172}) on port 37411
Only local connections are allowed.
Please see https://chromedriver.chromium.org/security-considerations for suggestions on keeping ChromeDriver safe.
ChromeDriver was started successfully.
Feb 08, 2023 1:34:51 PM org.openqa.selenium.devtools.CdpVersionFinder findNearestMatch
WARNING: Unable to find an exact match for CDP version 109, so returning the closest version found: 107
]]></system-err>
  </testcase>
</testsuite>